c:\users\pasha\desktop\courses\firstopengl\firstopengl\debug\vc100.pdb
c:\users\pasha\desktop\courses\firstopengl\firstopengl\debug\glad.obj
c:\users\pasha\desktop\courses\firstopengl\firstopengl\debug\main.obj
c:\users\pasha\desktop\courses\firstopengl 1 lesson copy\firstopengl\debug\main.obj
c:\users\pasha\desktop\courses\firstopengl 1 lesson copy\firstopengl\debug\vc100.pdb
c:\users\pasha\desktop\courses\firstopengl\debug\firstopengl.ilk
c:\users\pasha\desktop\courses\firstopengl\debug\firstopengl.exe
c:\users\pasha\desktop\courses\firstopengl\firstopengl\debug\firstopengl.exe.intermediate.manifest
c:\users\pasha\desktop\courses\firstopengl\debug\firstopengl.pdb
c:\users\pasha\desktop\courses\firstopengl 1 lesson copy\debug\firstopengl.ilk
c:\users\pasha\desktop\courses\firstopengl 1 lesson copy\debug\firstopengl.exe
c:\users\pasha\desktop\courses\firstopengl 1 lesson copy\firstopengl\debug\firstopengl.exe.intermediate.manifest
c:\users\pasha\desktop\courses\firstopengl 1 lesson copy\debug\firstopengl.pdb
d:\firstopengl 1 lesson copy\debug\firstopengl.exe
d:\firstopengl 1 lesson copy\debug\firstopengl.ilk
d:\firstopengl 1 lesson copy\debug\firstopengl.pdb
d:\firstopengl 1 lesson copy\firstopengl\debug\firstopengl.vcxprojresolveassemblyreference.cache
d:\firstopengl 1 lesson copy\firstopengl\debug\glad.obj
d:\firstopengl 1 lesson copy\firstopengl\debug\main.obj.enc
d:\firstopengl 1 lesson copy\firstopengl\debug\cl.command.1.tlog
d:\firstopengl 1 lesson copy\firstopengl\debug\cl.read.1.tlog
d:\firstopengl 1 lesson copy\firstopengl\debug\cl.write.1.tlog
d:\firstopengl 1 lesson copy\firstopengl\debug\firstopengl.write.1.tlog
d:\firstopengl 1 lesson copy\firstopengl\debug\link.command.1.tlog
d:\firstopengl 1 lesson copy\firstopengl\debug\link.read.1.tlog
d:\firstopengl 1 lesson copy\firstopengl\debug\link.write.1.tlog
d:\firstopengl 1 lesson copy\firstopengl\debug\mt.command.1.tlog
d:\firstopengl 1 lesson copy\firstopengl\debug\mt.read.1.tlog
d:\firstopengl 1 lesson copy\firstopengl\debug\mt.write.1.tlog
d:\firstopengl 1 lesson copy\firstopengl\debug\firstopengl.exe.intermediate.manifest
d:\firstopengl 1 lesson copy\firstopengl\debug\vc100.idb
d:\firstopengl 1 lesson copy\firstopengl\debug\vc141.idb
d:\firstopengl 1 lesson copy\firstopengl\debug\vc100.pdb
d:\firstopengl 1 lesson copy\firstopengl\debug\vc141.pdb
d:\firstopengl 1 lesson copy\firstopengl\debug\firstopengl.tlog\cl.command.1.tlog
d:\firstopengl 1 lesson copy\firstopengl\debug\firstopengl.tlog\link.command.1.tlog
d:\firstopengl 1 lesson copy\firstopengl\debug\firstopengl.tlog\link.delete.1.tlog
d:\firstopengl 1 lesson copy\firstopengl\debug\firstopengl.tlog\link.read.1.tlog
d:\firstopengl 1 lesson copy\firstopengl\debug\firstopengl.tlog\link.write.1.tlog
